c:\users\сергей\source\repos\fluidsimulation\fluidsimulation\x64\release\vc143.pdb
c:\users\сергей\source\repos\fluidsimulation\fluidsimulation\x64\release\solidobject.obj
c:\users\сергей\source\repos\fluidsimulation\fluidsimulation\x64\release\simulationcore.obj
c:\users\сергей\source\repos\fluidsimulation\fluidsimulation\x64\release\main.obj
c:\users\сергей\source\repos\fluidsimulation\fluidsimulation\x64\release\imgui-sfml.obj
c:\users\сергей\source\repos\fluidsimulation\fluidsimulation\x64\release\imgui_widgets.obj
c:\users\сергей\source\repos\fluidsimulation\fluidsimulation\x64\release\imgui_tables.obj
c:\users\сергей\source\repos\fluidsimulation\fluidsimulation\x64\release\imgui_draw.obj
c:\users\сергей\source\repos\fluidsimulation\fluidsimulation\x64\release\imgui_demo.obj
c:\users\сергей\source\repos\fluidsimulation\fluidsimulation\x64\release\imgui.obj
c:\users\сергей\source\repos\fluidsimulation\fluidsimulation\x64\release\controlgui.obj
c:\users\сергей\source\repos\fluidsimulation\fluidsimulation\x64\release\simulationcalculations.cu.obj
c:\users\сергей\source\repos\fluidsimulation\fluidsimulation\x64\release\simulationcontrol.cu.obj
c:\users\сергей\source\repos\fluidsimulation\x64\release\fluidsimulation.exe
c:\users\сергей\source\repos\fluidsimulation\x64\release\fluidsimulation.pdb
c:\users\сергей\source\repos\fluidsimulation\x64\release\fluidsimulation.lib
c:\users\сергей\source\repos\fluidsimulation\x64\release\fluidsimulation.exp
c:\users\сергей\source\repos\fluidsimulation\fluidsimulation\x64\release\fluidsimulation.ipdb
c:\users\сергей\source\repos\fluidsimulation\fluidsimulation\x64\release\fluidsimulation.iobj
c:\users\сергей\source\repos\fluidsimulation\fluidsimulation\x64\release\simulationcalculations.cu.cache
c:\users\сергей\source\repos\fluidsimulation\fluidsimulation\x64\release\simulationcontrol.cu.cache
c:\users\сергей\source\repos\fluidsimulation\fluidsimulation\x64\release\fluidsimulation.tlog\cl.command.1.tlog
c:\users\сергей\source\repos\fluidsimulation\fluidsimulation\x64\release\fluidsimulation.tlog\cl.items.tlog
c:\users\сергей\source\repos\fluidsimulation\fluidsimulation\x64\release\fluidsimulation.tlog\cl.read.1.tlog
c:\users\сергей\source\repos\fluidsimulation\fluidsimulation\x64\release\fluidsimulation.tlog\cl.write.1.tlog
c:\users\сергей\source\repos\fluidsimulation\fluidsimulation\x64\release\fluidsimulation.tlog\cudacompile.read.1u.tlog
c:\users\сергей\source\repos\fluidsimulation\fluidsimulation\x64\release\fluidsimulation.tlog\cudacompile.write.1u.tlog
c:\users\сергей\source\repos\fluidsimulation\fluidsimulation\x64\release\fluidsimulation.tlog\link.command.1.tlog
c:\users\сергей\source\repos\fluidsimulation\fluidsimulation\x64\release\fluidsimulation.tlog\link.read.1.tlog
c:\users\сергей\source\repos\fluidsimulation\fluidsimulation\x64\release\fluidsimulation.tlog\link.secondary.1.tlog
c:\users\сергей\source\repos\fluidsimulation\fluidsimulation\x64\release\fluidsimulation.tlog\link.write.1.tlog
